<?xml version="1.0" encoding="UTF-8"?>
<testng-results skipped="0" failed="0" total="1" passed="1">
  <reporter-output>
  </reporter-output>
  <suite name="Default suite" duration-ms="4293" started-at="2021-01-10T06:47:20Z" finished-at="2021-01-10T06:47:24Z">
    <groups>
    </groups>
    <test name="Default test" duration-ms="4293" started-at="2021-01-10T06:47:20Z" finished-at="2021-01-10T06:47:24Z">
      <class name="com.basic.GoogleTest.GoogleLinkUpandRunning">
        <test-method status="PASS" signature="testGoogle()[pri:0, instance:com.basic.GoogleTest.GoogleLinkUpandRunning@544fe44c]" name="testGoogle" duration-ms="4259" started-at="2021-01-10T12:17:20Z" finished-at="2021-01-10T12:17:24Z">
          <reporter-output>
          </reporter-output>
        </test-method> <!-- testGoogle -->
      </class> <!-- com.basic.GoogleTest.GoogleLinkUpandRunning -->
    </test> <!-- Default test -->
  </suite> <!-- Default suite -->
</testng-results>
